CRITICAL - 2020-06-16 12:55:10 --> Invalid file: login/index.php
#0 /opt/lampp/htdocs/inventario/vendor/codeigniter4/framework/system/View/View.php(228): CodeIgniter\Exceptions\FrameworkException::forInvalidFile('login/index.php')
#1 /opt/lampp/htdocs/inventario/vendor/codeigniter4/framework/system/Common.php(1087): CodeIgniter\View\View->render('login/index', Array, true)
#2 /opt/lampp/htdocs/inventario/app/Controllers/Login.php(27): view('login/index')
#3 /opt/lampp/htdocs/inventario/vendor/codeigniter4/framework/system/CodeIgniter.php(914): App\Controllers\Login->index()
#4 /opt/lampp/htdocs/inventario/vendor/codeigniter4/framework/system/CodeIgniter.php(400): CodeIgniter\CodeIgniter->runController(Object(App\Controllers\Login))
#5 /opt/lampp/htdocs/inventario/vendor/codeigniter4/framework/system/CodeIgniter.php(308): CodeIgniter\CodeIgniter->handleRequest(NULL, Object(Config\Cache), false)
#6 /opt/lampp/htdocs/inventario/public/index.php(44): CodeIgniter\CodeIgniter->run()
#7 {main}
CRITICAL - 2020-06-16 13:24:22 --> Unknown column 'deleted' in 'where clause'
#0 /opt/lampp/htdocs/inventario/vendor/codeigniter4/framework/system/Database/MySQLi/Connection.php(331): mysqli->query('SELECT *\nFROM `...')
#1 /opt/lampp/htdocs/inventario/vendor/codeigniter4/framework/system/Database/BaseConnection.php(738): CodeIgniter\Database\MySQLi\Connection->execute('SELECT *\nFROM `...')
#2 /opt/lampp/htdocs/inventario/vendor/codeigniter4/framework/system/Database/BaseConnection.php(666): CodeIgniter\Database\BaseConnection->simpleQuery('SELECT *\nFROM `...')
#3 /opt/lampp/htdocs/inventario/vendor/codeigniter4/framework/system/Database/BaseBuilder.php(1845): CodeIgniter\Database\BaseConnection->query('SELECT *\nFROM `...', Array, false)
#4 /opt/lampp/htdocs/inventario/vendor/codeigniter4/framework/system/Model.php(489): CodeIgniter\Database\BaseBuilder->get()
#5 /opt/lampp/htdocs/inventario/app/Controllers/Login.php(38): CodeIgniter\Model->first()
#6 /opt/lampp/htdocs/inventario/app/Controllers/Login.php(29): App\Controllers\Login->getDataUser('sebastian')
#7 /opt/lampp/htdocs/inventario/vendor/codeigniter4/framework/system/CodeIgniter.php(914): App\Controllers\Login->checkLogin()
#8 /opt/lampp/htdocs/inventario/vendor/codeigniter4/framework/system/CodeIgniter.php(400): CodeIgniter\CodeIgniter->runController(Object(App\Controllers\Login))
#9 /opt/lampp/htdocs/inventario/vendor/codeigniter4/framework/system/CodeIgniter.php(308): CodeIgniter\CodeIgniter->handleRequest(NULL, Object(Config\Cache), false)
#10 /opt/lampp/htdocs/inventario/public/index.php(44): CodeIgniter\CodeIgniter->run()
#11 {main}
CRITICAL - 2020-06-16 13:26:25 --> Unknown column 'user' in 'where clause'
#0 /opt/lampp/htdocs/inventario/vendor/codeigniter4/framework/system/Database/MySQLi/Connection.php(331): mysqli->query('SELECT *\nFROM `...')
#1 /opt/lampp/htdocs/inventario/vendor/codeigniter4/framework/system/Database/BaseConnection.php(738): CodeIgniter\Database\MySQLi\Connection->execute('SELECT *\nFROM `...')
#2 /opt/lampp/htdocs/inventario/vendor/codeigniter4/framework/system/Database/BaseConnection.php(666): CodeIgniter\Database\BaseConnection->simpleQuery('SELECT *\nFROM `...')
#3 /opt/lampp/htdocs/inventario/vendor/codeigniter4/framework/system/Database/BaseBuilder.php(1845): CodeIgniter\Database\BaseConnection->query('SELECT *\nFROM `...', Array, false)
#4 /opt/lampp/htdocs/inventario/vendor/codeigniter4/framework/system/Model.php(489): CodeIgniter\Database\BaseBuilder->get()
#5 /opt/lampp/htdocs/inventario/app/Controllers/Login.php(41): CodeIgniter\Model->first()
#6 /opt/lampp/htdocs/inventario/app/Controllers/Login.php(29): App\Controllers\Login->getDataUser('sebastian')
#7 /opt/lampp/htdocs/inventario/vendor/codeigniter4/framework/system/CodeIgniter.php(914): App\Controllers\Login->checkLogin()
#8 /opt/lampp/htdocs/inventario/vendor/codeigniter4/framework/system/CodeIgniter.php(400): CodeIgniter\CodeIgniter->runController(Object(App\Controllers\Login))
#9 /opt/lampp/htdocs/inventario/vendor/codeigniter4/framework/system/CodeIgniter.php(308): CodeIgniter\CodeIgniter->handleRequest(NULL, Object(Config\Cache), false)
#10 /opt/lampp/htdocs/inventario/public/index.php(44): CodeIgniter\CodeIgniter->run()
#11 {main}
CRITICAL - 2020-06-16 15:38:47 --> Undefined variable: rol
#0 /opt/lampp/htdocs/inventario/app/Views/user/index.php(43): CodeIgniter\Debug\Exceptions->errorHandler(8, 'Undefined varia...', '/opt/lampp/htdo...', 43, Array)
#1 /opt/lampp/htdocs/inventario/vendor/codeigniter4/framework/system/View/View.php(246): include('/opt/lampp/htdo...')
#2 /opt/lampp/htdocs/inventario/vendor/codeigniter4/framework/system/Common.php(1087): CodeIgniter\View\View->render('user/index', Array, true)
#3 /opt/lampp/htdocs/inventario/app/Controllers/Login.php(44): view('user/index')
#4 /opt/lampp/htdocs/inventario/vendor/codeigniter4/framework/system/CodeIgniter.php(914): App\Controllers\Login->checkLogin()
#5 /opt/lampp/htdocs/inventario/vendor/codeigniter4/framework/system/CodeIgniter.php(400): CodeIgniter\CodeIgniter->runController(Object(App\Controllers\Login))
#6 /opt/lampp/htdocs/inventario/vendor/codeigniter4/framework/system/CodeIgniter.php(308): CodeIgniter\CodeIgniter->handleRequest(NULL, Object(Config\Cache), false)
#7 /opt/lampp/htdocs/inventario/public/index.php(44): CodeIgniter\CodeIgniter->run()
#8 {main}
CRITICAL - 2020-06-16 15:45:37 --> Trying to access array offset on value of type bool
#0 /opt/lampp/htdocs/inventario/app/Controllers/Login.php(40): CodeIgniter\Debug\Exceptions->errorHandler(8, 'Trying to acces...', '/opt/lampp/htdo...', 40, Array)
#1 /opt/lampp/htdocs/inventario/vendor/codeigniter4/framework/system/CodeIgniter.php(914): App\Controllers\Login->checkLogin()
#2 /opt/lampp/htdocs/inventario/vendor/codeigniter4/framework/system/CodeIgniter.php(400): CodeIgniter\CodeIgniter->runController(Object(App\Controllers\Login))
#3 /opt/lampp/htdocs/inventario/vendor/codeigniter4/framework/system/CodeIgniter.php(308): CodeIgniter\CodeIgniter->handleRequest(NULL, Object(Config\Cache), false)
#4 /opt/lampp/htdocs/inventario/public/index.php(44): CodeIgniter\CodeIgniter->run()
#5 {main}
CRITICAL - 2020-06-16 16:41:36 --> Undefined variable: rol
#0 /opt/lampp/htdocs/inventario/app/Views/product/index.php(10): CodeIgniter\Debug\Exceptions->errorHandler(8, 'Undefined varia...', '/opt/lampp/htdo...', 10, Array)
#1 /opt/lampp/htdocs/inventario/vendor/codeigniter4/framework/system/View/View.php(246): include('/opt/lampp/htdo...')
#2 /opt/lampp/htdocs/inventario/vendor/codeigniter4/framework/system/Common.php(1087): CodeIgniter\View\View->render('product/index', Array, true)
#3 /opt/lampp/htdocs/inventario/app/Controllers/Products.php(27): view('product/index')
#4 /opt/lampp/htdocs/inventario/vendor/codeigniter4/framework/system/CodeIgniter.php(914): App\Controllers\Products->index()
#5 /opt/lampp/htdocs/inventario/vendor/codeigniter4/framework/system/CodeIgniter.php(400): CodeIgniter\CodeIgniter->runController(Object(App\Controllers\Products))
#6 /opt/lampp/htdocs/inventario/vendor/codeigniter4/framework/system/CodeIgniter.php(308): CodeIgniter\CodeIgniter->handleRequest(NULL, Object(Config\Cache), false)
#7 /opt/lampp/htdocs/inventario/public/index.php(44): CodeIgniter\CodeIgniter->run()
#8 {main}
CRITICAL - 2020-06-16 16:42:36 --> Undefined variable: rol
#0 /opt/lampp/htdocs/inventario/app/Views/product/index.php(10): CodeIgniter\Debug\Exceptions->errorHandler(8, 'Undefined varia...', '/opt/lampp/htdo...', 10, Array)
#1 /opt/lampp/htdocs/inventario/vendor/codeigniter4/framework/system/View/View.php(246): include('/opt/lampp/htdo...')
#2 /opt/lampp/htdocs/inventario/vendor/codeigniter4/framework/system/Common.php(1087): CodeIgniter\View\View->render('product/index', Array, true)
#3 /opt/lampp/htdocs/inventario/app/Controllers/Products.php(33): view('product/index')
#4 /opt/lampp/htdocs/inventario/vendor/codeigniter4/framework/system/CodeIgniter.php(914): App\Controllers\Products->index()
#5 /opt/lampp/htdocs/inventario/vendor/codeigniter4/framework/system/CodeIgniter.php(400): CodeIgniter\CodeIgniter->runController(Object(App\Controllers\Products))
#6 /opt/lampp/htdocs/inventario/vendor/codeigniter4/framework/system/CodeIgniter.php(308): CodeIgniter\CodeIgniter->handleRequest(NULL, Object(Config\Cache), false)
#7 /opt/lampp/htdocs/inventario/public/index.php(44): CodeIgniter\CodeIgniter->run()
#8 {main}
CRITICAL - 2020-06-16 16:42:38 --> Undefined variable: rol
#0 /opt/lampp/htdocs/inventario/app/Views/product/index.php(10): CodeIgniter\Debug\Exceptions->errorHandler(8, 'Undefined varia...', '/opt/lampp/htdo...', 10, Array)
#1 /opt/lampp/htdocs/inventario/vendor/codeigniter4/framework/system/View/View.php(246): include('/opt/lampp/htdo...')
#2 /opt/lampp/htdocs/inventario/vendor/codeigniter4/framework/system/Common.php(1087): CodeIgniter\View\View->render('product/index', Array, true)
#3 /opt/lampp/htdocs/inventario/app/Controllers/Products.php(33): view('product/index')
#4 /opt/lampp/htdocs/inventario/vendor/codeigniter4/framework/system/CodeIgniter.php(914): App\Controllers\Products->index()
#5 /opt/lampp/htdocs/inventario/vendor/codeigniter4/framework/system/CodeIgniter.php(400): CodeIgniter\CodeIgniter->runController(Object(App\Controllers\Products))
#6 /opt/lampp/htdocs/inventario/vendor/codeigniter4/framework/system/CodeIgniter.php(308): CodeIgniter\CodeIgniter->handleRequest(NULL, Object(Config\Cache), false)
#7 /opt/lampp/htdocs/inventario/public/index.php(44): CodeIgniter\CodeIgniter->run()
#8 {main}
CRITICAL - 2020-06-16 16:42:48 --> Undefined variable: rol
#0 /opt/lampp/htdocs/inventario/app/Views/product/index.php(10): CodeIgniter\Debug\Exceptions->errorHandler(8, 'Undefined varia...', '/opt/lampp/htdo...', 10, Array)
#1 /opt/lampp/htdocs/inventario/vendor/codeigniter4/framework/system/View/View.php(246): include('/opt/lampp/htdo...')
#2 /opt/lampp/htdocs/inventario/vendor/codeigniter4/framework/system/Common.php(1087): CodeIgniter\View\View->render('product/index', Array, true)
#3 /opt/lampp/htdocs/inventario/app/Controllers/Products.php(33): view('product/index')
#4 /opt/lampp/htdocs/inventario/vendor/codeigniter4/framework/system/CodeIgniter.php(914): App\Controllers\Products->index()
#5 /opt/lampp/htdocs/inventario/vendor/codeigniter4/framework/system/CodeIgniter.php(400): CodeIgniter\CodeIgniter->runController(Object(App\Controllers\Products))
#6 /opt/lampp/htdocs/inventario/vendor/codeigniter4/framework/system/CodeIgniter.php(308): CodeIgniter\CodeIgniter->handleRequest(NULL, Object(Config\Cache), false)
#7 /opt/lampp/htdocs/inventario/public/index.php(44): CodeIgniter\CodeIgniter->run()
#8 {main}
CRITICAL - 2020-06-16 16:43:16 --> Undefined variable: rol
#0 /opt/lampp/htdocs/inventario/app/Views/product/index.php(10): CodeIgniter\Debug\Exceptions->errorHandler(8, 'Undefined varia...', '/opt/lampp/htdo...', 10, Array)
#1 /opt/lampp/htdocs/inventario/vendor/codeigniter4/framework/system/View/View.php(246): include('/opt/lampp/htdo...')
#2 /opt/lampp/htdocs/inventario/vendor/codeigniter4/framework/system/Common.php(1087): CodeIgniter\View\View->render('product/index', Array, true)
#3 /opt/lampp/htdocs/inventario/app/Controllers/Products.php(33): view('product/index')
#4 /opt/lampp/htdocs/inventario/vendor/codeigniter4/framework/system/CodeIgniter.php(914): App\Controllers\Products->index()
#5 /opt/lampp/htdocs/inventario/vendor/codeigniter4/framework/system/CodeIgniter.php(400): CodeIgniter\CodeIgniter->runController(Object(App\Controllers\Products))
#6 /opt/lampp/htdocs/inventario/vendor/codeigniter4/framework/system/CodeIgniter.php(308): CodeIgniter\CodeIgniter->handleRequest(NULL, Object(Config\Cache), false)
#7 /opt/lampp/htdocs/inventario/public/index.php(44): CodeIgniter\CodeIgniter->run()
#8 {main}
CRITICAL - 2020-06-16 16:44:04 --> Undefined variable: rol
#0 /opt/lampp/htdocs/inventario/app/Views/product/index.php(10): CodeIgniter\Debug\Exceptions->errorHandler(8, 'Undefined varia...', '/opt/lampp/htdo...', 10, Array)
#1 /opt/lampp/htdocs/inventario/vendor/codeigniter4/framework/system/View/View.php(246): include('/opt/lampp/htdo...')
#2 /opt/lampp/htdocs/inventario/vendor/codeigniter4/framework/system/Common.php(1087): CodeIgniter\View\View->render('product/index', Array, true)
#3 /opt/lampp/htdocs/inventario/app/Controllers/Products.php(33): view('product/index')
#4 /opt/lampp/htdocs/inventario/vendor/codeigniter4/framework/system/CodeIgniter.php(914): App\Controllers\Products->index()
#5 /opt/lampp/htdocs/inventario/vendor/codeigniter4/framework/system/CodeIgniter.php(400): CodeIgniter\CodeIgniter->runController(Object(App\Controllers\Products))
#6 /opt/lampp/htdocs/inventario/vendor/codeigniter4/framework/system/CodeIgniter.php(308): CodeIgniter\CodeIgniter->handleRequest(NULL, Object(Config\Cache), false)
#7 /opt/lampp/htdocs/inventario/public/index.php(44): CodeIgniter\CodeIgniter->run()
#8 {main}
CRITICAL - 2020-06-16 16:45:03 --> Undefined variable: rol
#0 /opt/lampp/htdocs/inventario/app/Views/product/index.php(10): CodeIgniter\Debug\Exceptions->errorHandler(8, 'Undefined varia...', '/opt/lampp/htdo...', 10, Array)
#1 /opt/lampp/htdocs/inventario/vendor/codeigniter4/framework/system/View/View.php(246): include('/opt/lampp/htdo...')
#2 /opt/lampp/htdocs/inventario/vendor/codeigniter4/framework/system/Common.php(1087): CodeIgniter\View\View->render('product/index', Array, true)
#3 /opt/lampp/htdocs/inventario/app/Controllers/Products.php(32): view('product/index')
#4 /opt/lampp/htdocs/inventario/vendor/codeigniter4/framework/system/CodeIgniter.php(914): App\Controllers\Products->index()
#5 /opt/lampp/htdocs/inventario/vendor/codeigniter4/framework/system/CodeIgniter.php(400): CodeIgniter\CodeIgniter->runController(Object(App\Controllers\Products))
#6 /opt/lampp/htdocs/inventario/vendor/codeigniter4/framework/system/CodeIgniter.php(308): CodeIgniter\CodeIgniter->handleRequest(NULL, Object(Config\Cache), false)
#7 /opt/lampp/htdocs/inventario/public/index.php(44): CodeIgniter\CodeIgniter->run()
#8 {main}
CRITICAL - 2020-06-16 17:28:07 --> Unknown column 'state.id_category' in 'where clause'
#0 /opt/lampp/htdocs/inventario/vendor/codeigniter4/framework/system/Database/MySQLi/Connection.php(331): mysqli->query('SELECT *\nFROM `...')
#1 /opt/lampp/htdocs/inventario/vendor/codeigniter4/framework/system/Database/BaseConnection.php(738): CodeIgniter\Database\MySQLi\Connection->execute('SELECT *\nFROM `...')
#2 /opt/lampp/htdocs/inventario/vendor/codeigniter4/framework/system/Database/BaseConnection.php(666): CodeIgniter\Database\BaseConnection->simpleQuery('SELECT *\nFROM `...')
#3 /opt/lampp/htdocs/inventario/vendor/codeigniter4/framework/system/Database/BaseBuilder.php(1845): CodeIgniter\Database\BaseConnection->query('SELECT *\nFROM `...', Array, false)
#4 /opt/lampp/htdocs/inventario/app/Models/SubCategoryModel.php(44): CodeIgniter\Database\BaseBuilder->get()
#5 /opt/lampp/htdocs/inventario/app/Controllers/Categories.php(75): App\Models\SubCategoryModel->getDataByid('1')
#6 /opt/lampp/htdocs/inventario/vendor/codeigniter4/framework/system/CodeIgniter.php(914): App\Controllers\Categories->destroy()
#7 /opt/lampp/htdocs/inventario/vendor/codeigniter4/framework/system/CodeIgniter.php(400): CodeIgniter\CodeIgniter->runController(Object(App\Controllers\Categories))
#8 /opt/lampp/htdocs/inventario/vendor/codeigniter4/framework/system/CodeIgniter.php(308): CodeIgniter\CodeIgniter->handleRequest(NULL, Object(Config\Cache), false)
#9 /opt/lampp/htdocs/inventario/public/index.php(44): CodeIgniter\CodeIgniter->run()
#10 {main}
CRITICAL - 2020-06-16 17:40:40 --> Unknown column 'state' in 'field list'
#0 /opt/lampp/htdocs/inventario/vendor/codeigniter4/framework/system/Database/MySQLi/Connection.php(331): mysqli->query('UPDATE `subcate...')
#1 /opt/lampp/htdocs/inventario/vendor/codeigniter4/framework/system/Database/BaseConnection.php(738): CodeIgniter\Database\MySQLi\Connection->execute('UPDATE `subcate...')
#2 /opt/lampp/htdocs/inventario/vendor/codeigniter4/framework/system/Database/BaseConnection.php(666): CodeIgniter\Database\BaseConnection->simpleQuery('UPDATE `subcate...')
#3 /opt/lampp/htdocs/inventario/vendor/codeigniter4/framework/system/Database/BaseBuilder.php(2441): CodeIgniter\Database\BaseConnection->query('UPDATE `subcate...', Array, false)
#4 /opt/lampp/htdocs/inventario/app/Models/SubCategoryProductModel.php(50): CodeIgniter\Database\BaseBuilder->update()
#5 /opt/lampp/htdocs/inventario/app/Controllers/Categories.php(83): App\Models\SubCategoryProductModel->destroyByField('id_sub_category', '1')
#6 /opt/lampp/htdocs/inventario/vendor/codeigniter4/framework/system/CodeIgniter.php(914): App\Controllers\Categories->destroy()
#7 /opt/lampp/htdocs/inventario/vendor/codeigniter4/framework/system/CodeIgniter.php(400): CodeIgniter\CodeIgniter->runController(Object(App\Controllers\Categories))
#8 /opt/lampp/htdocs/inventario/vendor/codeigniter4/framework/system/CodeIgniter.php(308): CodeIgniter\CodeIgniter->handleRequest(NULL, Object(Config\Cache), false)
#9 /opt/lampp/htdocs/inventario/public/index.php(44): CodeIgniter\CodeIgniter->run()
#10 {main}
CRITICAL - 2020-06-16 20:35:37 --> Cannot add or update a child row: a foreign key constraint fails (`inventario`.`subcategory_product`, CONSTRAINT `subcategory_product_id_sub_category_foreign` FOREIGN KEY (`id_sub_category`) REFERENCES `sub_category` (`id`))
#0 /opt/lampp/htdocs/inventario/vendor/codeigniter4/framework/system/Database/MySQLi/Connection.php(331): mysqli->query('INSERT INTO `su...')
#1 /opt/lampp/htdocs/inventario/vendor/codeigniter4/framework/system/Database/BaseConnection.php(738): CodeIgniter\Database\MySQLi\Connection->execute('INSERT INTO `su...')
#2 /opt/lampp/htdocs/inventario/vendor/codeigniter4/framework/system/Database/BaseConnection.php(666): CodeIgniter\Database\BaseConnection->simpleQuery('INSERT INTO `su...')
#3 /opt/lampp/htdocs/inventario/vendor/codeigniter4/framework/system/Database/BaseBuilder.php(2234): CodeIgniter\Database\BaseConnection->query('INSERT INTO `su...', Array, false)
#4 /opt/lampp/htdocs/inventario/vendor/codeigniter4/framework/system/Model.php(729): CodeIgniter\Database\BaseBuilder->insert()
#5 /opt/lampp/htdocs/inventario/vendor/codeigniter4/framework/system/Model.php(557): CodeIgniter\Model->insert(Array, false)
#6 /opt/lampp/htdocs/inventario/app/Controllers/Products.php(56): CodeIgniter\Model->save(Array)
#7 /opt/lampp/htdocs/inventario/vendor/codeigniter4/framework/system/CodeIgniter.php(914): App\Controllers\Products->store()
#8 /opt/lampp/htdocs/inventario/vendor/codeigniter4/framework/system/CodeIgniter.php(400): CodeIgniter\CodeIgniter->runController(Object(App\Controllers\Products))
#9 /opt/lampp/htdocs/inventario/vendor/codeigniter4/framework/system/CodeIgniter.php(308): CodeIgniter\CodeIgniter->handleRequest(NULL, Object(Config\Cache), false)
#10 /opt/lampp/htdocs/inventario/public/index.php(44): CodeIgniter\CodeIgniter->run()
#11 {main}
